#
# There is insufficient memory for the Java Runtime Environment to continue.
# Native memory allocation (mmap) failed to map 65536 bytes for Failed to commit metaspace.
# Possible reasons:
#   The system is out of physical RAM or swap space
#   The process is running with CompressedOops enabled, and the Java Heap may be blocking the growth of the native heap
# Possible solutions:
#   Reduce memory load on the system
#   Increase physical memory or swap space
#   Check if swap backing store is full
#   Decrease Java heap size (-Xmx/-Xms)
#   Decrease number of Java threads
#   Decrease Java thread stack sizes (-Xss)
#   Set larger code cache with -XX:ReservedCodeCacheSize=
#   JVM is running with Zero Based Compressed Oops mode in which the Java heap is
#     placed in the first 32GB address space. The Java Heap base address is the
#     maximum limit for the native heap growth. Please use -XX:HeapBaseMinAddress
#     to set the Java Heap base and to place the Java Heap above 32GB virtual address.
# This output file may be truncated or incomplete.
#
#  Out of Memory Error (virtualSpaceNode.cpp:110), pid=10696, tid=26956
#
# JRE version: OpenJDK Runtime Environment JBR-17.0.3+7-469.37-jcef (17.0.3+7) (build 17.0.3+7-b469.37)
# Java VM: OpenJDK 64-Bit Server VM JBR-17.0.3+7-469.37-jcef (17.0.3+7-b469.37, mixed mode, tiered, compressed oops, compressed class ptrs, g1 gc, windows-amd64)
# No core dump will be written. Minidumps are not enabled by default on client versions of Windows
#

---------------  S U M M A R Y ------------

Command Line: git4idea.http.GitAskPassApp Username for 'https://github.com': 

Host: 11th Gen Intel(R) Core(TM) i5-11400H @ 2.70GHz, 12 cores, 23G,  Windows 11 , 64 bit Build 22621 (10.0.22621.3958)
Time: Thu Aug 15 20:39:03 2024 Afr. centrale Ouest elapsed time: 0.221833 seconds (0d 0h 0m 0s)

---------------  T H R E A D  ---------------

Current thread (0x000001c32804b580):  JavaThread "main" [_thread_in_vm, id=26956, stack(0x000000071ff00000,0x0000000720000000)]

Stack: [0x000000071ff00000,0x0000000720000000]
Native frames: (J=compiled Java code, j=interpreted, Vv=VM code, C=native code)
V  [jvm.dll+0x681f8a]
V  [jvm.dll+0x83e374]
V  [jvm.dll+0x83fb1e]
V  [jvm.dll+0x840183]
V  [jvm.dll+0x2492a5]
V  [jvm.dll+0x83a3cb]
V  [jvm.dll+0x626586]
V  [jvm.dll+0x6265ea]
V  [jvm.dll+0x628dfa]
V  [jvm.dll+0x626f26]
V  [jvm.dll+0x23d16f]
V  [jvm.dll+0x630d75]
V  [jvm.dll+0x1ed1db]
V  [jvm.dll+0x1ed715]
V  [jvm.dll+0x1ee034]
V  [jvm.dll+0x1e357c]
V  [jvm.dll+0x546dbd]
V  [jvm.dll+0x1f3e9b]
V  [jvm.dll+0x7b837b]
V  [jvm.dll+0x7b97c2]
V  [jvm.dll+0x7b9af8]
V  [jvm.dll+0x240f1e]
V  [jvm.dll+0x383c4e]
C  0x000001c32b7ab6e4

Java frames: (J=compiled Java code, j=interpreted, Vv=VM code)
j  java.util.concurrent.ConcurrentSkipListSet.<init>()V+5 java.base@17.0.3
j  java.net.InetAddress.<clinit>()V+106 java.base@17.0.3
v  ~StubRoutines::call_stub
j  java.net.InetSocketAddress.<init>(Ljava/lang/String;I)V+15 java.base@17.0.3
j  java.net.Socket.<init>(Ljava/lang/String;I)V+11 java.base@17.0.3
j  org.apache.xmlrpc.LiteXmlRpcTransport.initConnection()V+32
j  org.apache.xmlrpc.LiteXmlRpcTransport.sendXmlRpc([B)Ljava/io/InputStream;+8
j  org.apache.xmlrpc.XmlRpcClientWorker.execute(Lorg/apache/xmlrpc/XmlRpcClientRequest;Lorg/apache/xmlrpc/XmlRpcTransport;)Ljava/lang/Object;+35
j  org.apache.xmlrpc.XmlRpcClient.execute(Lorg/apache/xmlrpc/XmlRpcClientRequest;Lorg/apache/xmlrpc/XmlRpcTransport;)Ljava/lang/Object;+9
j  org.apache.xmlrpc.XmlRpcClient.execute(Lorg/apache/xmlrpc/XmlRpcClientRequest;)Ljava/lang/Object;+6
j  org.apache.xmlrpc.XmlRpcClient.execute(Ljava/lang/String;Ljava/util/Vector;)Ljava/lang/Object;+63
j  externalApp.ExternalAppUtil.sendXmlRequest(Ljava/lang/String;I[Ljava/lang/Object;)Ljava/lang/Object;+44
j  git4idea.http.GitAskPassApp.main([Ljava/lang/String;)V+46
v  ~StubRoutines::call_stub

---------------  P R O C E S S  ---------------

Threads class SMR info:
_java_thread_list=0x000001c34c72eee0, length=13, elements={
0x000001c32804b580, 0x000001c34c431320, 0x000001c34c431ed0, 0x000001c34c4ab550,
0x000001c34c4ae010, 0x000001c34c4b09d0, 0x000001c34c4b1380, 0x000001c34c4b2670,
0x000001c34c4b3060, 0x000001c34c4b3a50, 0x000001c34c624700, 0x000001c34c63aaf0,
0x000001c34c72e680
}

Java Threads: ( => current thread )
=>0x000001c32804b580 JavaThread "main" [_thread_in_vm, id=26956, stack(0x000000071ff00000,0x0000000720000000)]
  0x000001c34c431320 JavaThread "Reference Handler" daemon [_thread_blocked, id=29020, stack(0x0000000720600000,0x0000000720700000)]
  0x000001c34c431ed0 JavaThread "Finalizer" daemon [_thread_blocked, id=29008, stack(0x0000000720700000,0x0000000720800000)]
  0x000001c34c4ab550 JavaThread "Signal Dispatcher" daemon [_thread_blocked, id=26756, stack(0x0000000720800000,0x0000000720900000)]
  0x000001c34c4ae010 JavaThread "Attach Listener" daemon [_thread_blocked, id=8756, stack(0x0000000720900000,0x0000000720a00000)]
  0x000001c34c4b09d0 JavaThread "Service Thread" daemon [_thread_blocked, id=28140, stack(0x0000000720a00000,0x0000000720b00000)]
  0x000001c34c4b1380 JavaThread "Monitor Deflation Thread" daemon [_thread_blocked, id=27180, stack(0x0000000720b00000,0x0000000720c00000)]
  0x000001c34c4b2670 JavaThread "C2 CompilerThread0" daemon [_thread_blocked, id=4612, stack(0x0000000720c00000,0x0000000720d00000)]
  0x000001c34c4b3060 JavaThread "C1 CompilerThread0" daemon [_thread_blocked, id=24928, stack(0x0000000720d00000,0x0000000720e00000)]
  0x000001c34c4b3a50 JavaThread "Sweeper thread" daemon [_thread_blocked, id=29132, stack(0x0000000720e00000,0x0000000720f00000)]
  0x000001c34c624700 JavaThread "Notification Thread" daemon [_thread_blocked, id=25144, stack(0x0000000720f00000,0x0000000721000000)]
  0x000001c34c63aaf0 JavaThread "Common-Cleaner" daemon [_thread_blocked, id=28276, stack(0x0000000721100000,0x0000000721200000)]
  0x000001c34c72e680 JavaThread "C2 CompilerThread1" daemon [_thread_blocked, id=2228, stack(0x0000000721200000,0x0000000721300000)]

Other Threads:
  0x000001c34b7aed30 VMThread "VM Thread" [stack: 0x0000000720500000,0x0000000720600000] [id=30644]
  0x000001c34c6253e0 WatcherThread [stack: 0x0000000721000000,0x0000000721100000] [id=18908]
  0x000001c3280d58c0 GCTaskThread "GC Thread#0" [stack: 0x0000000720000000,0x0000000720100000] [id=11284]
  0x000001c3280e25c0 ConcurrentGCThread "G1 Main Marker" [stack: 0x0000000720100000,0x0000000720200000] [id=24652]
  0x000001c3280e2fd0 ConcurrentGCThread "G1 Conc#0" [stack: 0x0000000720200000,0x0000000720300000] [id=25776]
  0x000001c34b651220 ConcurrentGCThread "G1 Refine#0" [stack: 0x0000000720300000,0x0000000720400000] [id=21276]
  0x000001c34b651c40 ConcurrentGCThread "G1 Service" [stack: 0x0000000720400000,0x0000000720500000] [id=9612]

Threads with active compile tasks:

VM state: not at safepoint (normal execution)

VM Mutex/Monitor currently owned by a thread:  ([mutex/lock_event])
[0x000001c328046f90] Metaspace_lock - owner thread: 0x000001c32804b580

Heap address: 0x0000000483000000, size: 6072 MB, Compressed Oops mode: Zero based, Oop shift amount: 3

CDS archive(s) not mapped
Compressed class space mapped at: 0x00000005fe800000-0x000000063e800000, reserved size: 1073741824
Narrow klass base: 0x0000000000000000, Narrow klass shift: 3, Narrow klass range: 0x63e800000

GC Precious Log:
 CPUs: 12 total, 12 available
 Memory: 24277M
 Large Page Support: Disabled
 NUMA Support: Disabled
 Compressed Oops: Enabled (Zero based)
 Heap Region Size: 4M
 Heap Min Capacity: 8M
 Heap Initial Capacity: 380M
 Heap Max Capacity: 6072M
 Pre-touch: Disabled
 Parallel Workers: 10
 Concurrent Workers: 3
 Concurrent Refinement Workers: 10
 Periodic GC: Disabled

Heap:
 garbage-first heap   total 389120K, used 12288K [0x0000000483000000, 0x00000005fe800000)
  region size 4096K, 2 young (8192K), 0 survivors (0K)
 Metaspace       used 8137K, committed 8320K, reserved 1056768K
  class space    used 720K, committed 832K, reserved 1048576K

Heap Regions: E=young(eden), S=young(survivor), O=old, HS=humongous(starts), HC=humongous(continues), CS=collection set, F=free, OA=open archive, CA=closed archive, TAMS=top-at-mark-start (previous, next)
|   0|0x0000000483000000, 0x0000000483400000, 0x0000000483400000|100%|HS|  |TAMS 0x0000000483000000, 0x0000000483000000| Complete 
|   1|0x0000000483400000, 0x0000000483800000, 0x0000000483800000|100%|HC|  |TAMS 0x0000000483400000, 0x0000000483400000| Complete 
|   2|0x0000000483800000, 0x0000000483c00000, 0x0000000483c00000|100%|HC|  |TAMS 0x0000000483800000, 0x0000000483800000| Complete 
|   3|0x0000000483c00000, 0x0000000483c00000, 0x0000000484000000|  0%| F|  |TAMS 0x0000000483c00000, 0x0000000483c00000| Untracked 
|   4|0x0000000484000000, 0x0000000484000000, 0x0000000484400000|  0%| F|  |TAMS 0x0000000484000000, 0x0000000484000000| Untracked 
|   5|0x0000000484400000, 0x0000000484400000, 0x0000000484800000|  0%| F|  |TAMS 0x0000000484400000, 0x0000000484400000| Untracked 
|   6|0x0000000484800000, 0x0000000484800000, 0x0000000484c00000|  0%| F|  |TAMS 0x0000000484800000, 0x0000000484800000| Untracked 
|   7|0x0000000484c00000, 0x0000000484c00000, 0x0000000485000000|  0%| F|  |TAMS 0x0000000484c00000, 0x0000000484c00000| Untracked 
|   8|0x0000000485000000, 0x0000000485000000, 0x0000000485400000|  0%| F|  |TAMS 0x0000000485000000, 0x0000000485000000| Untracked 
|   9|0x0000000485400000, 0x0000000485400000, 0x0000000485800000|  0%| F|  |TAMS 0x0000000485400000, 0x0000000485400000| Untracked 
|  10|0x0000000485800000, 0x0000000485800000, 0x0000000485c00000|  0%| F|  |TAMS 0x0000000485800000, 0x0000000485800000| Untracked 
|  11|0x0000000485c00000, 0x0000000485c00000, 0x0000000486000000|  0%| F|  |TAMS 0x0000000485c00000, 0x0000000485c00000| Untracked 
|  12|0x0000000486000000, 0x0000000486000000, 0x0000000486400000|  0%| F|  |TAMS 0x0000000486000000, 0x0000000486000000| Untracked 
|  13|0x0000000486400000, 0x0000000486400000, 0x0000000486800000|  0%| F|  |TAMS 0x0000000486400000, 0x0000000486400000| Untracked 
|  14|0x0000000486800000, 0x0000000486800000, 0x0000000486c00000|  0%| F|  |TAMS 0x0000000486800000, 0x0000000486800000| Untracked 
|  15|0x0000000486c00000, 0x0000000486c00000, 0x0000000487000000|  0%| F|  |TAMS 0x0000000486c00000, 0x0000000486c00000| Untracked 
|  16|0x0000000487000000, 0x0000000487000000, 0x0000000487400000|  0%| F|  |TAMS 0x0000000487000000, 0x0000000487000000| Untracked 
|  17|0x0000000487400000, 0x0000000487400000, 0x0000000487800000|  0%| F|  |TAMS 0x0000000487400000, 0x0000000487400000| Untracked 
|  18|0x0000000487800000, 0x0000000487800000, 0x0000000487c00000|  0%| F|  |TAMS 0x0000000487800000, 0x0000000487800000| Untracked 
|  19|0x0000000487c00000, 0x0000000487c00000, 0x0000000488000000|  0%| F|  |TAMS 0x0000000487c00000, 0x0000000487c00000| Untracked 
|  20|0x0000000488000000, 0x0000000488000000, 0x0000000488400000|  0%| F|  |TAMS 0x0000000488000000, 0x0000000488000000| Untracked 
|  21|0x0000000488400000, 0x0000000488400000, 0x0000000488800000|  0%| F|  |TAMS 0x0000000488400000, 0x0000000488400000| Untracked 
|  22|0x0000000488800000, 0x0000000488800000, 0x0000000488c00000|  0%| F|  |TAMS 0x0000000488800000, 0x0000000488800000| Untracked 
|  23|0x0000000488c00000, 0x0000000488c00000, 0x0000000489000000|  0%| F|  |TAMS 0x0000000488c00000, 0x0000000488c00000| Untracked 
|  24|0x0000000489000000, 0x0000000489000000, 0x0000000489400000|  0%| F|  |TAMS 0x0000000489000000, 0x0000000489000000| Untracked 
|  25|0x0000000489400000, 0x0000000489400000, 0x0000000489800000|  0%| F|  |TAMS 0x0000000489400000, 0x0000000489400000| Untracked 
|  26|0x0000000489800000, 0x0000000489800000, 0x0000000489c00000|  0%| F|  |TAMS 0x0000000489800000, 0x0000000489800000| Untracked 
|  27|0x0000000489c00000, 0x0000000489c00000, 0x000000048a000000|  0%| F|  |TAMS 0x0000000489c00000, 0x0000000489c00000| Untracked 
|  28|0x000000048a000000, 0x000000048a000000, 0x000000048a400000|  0%| F|  |TAMS 0x000000048a000000, 0x000000048a000000| Untracked 
|  29|0x000000048a400000, 0x000000048a400000, 0x000000048a800000|  0%| F|  |TAMS 0x000000048a400000, 0x000000048a400000| Untracked 
|  30|0x000000048a800000, 0x000000048a800000, 0x000000048ac00000|  0%| F|  |TAMS 0x000000048a800000, 0x000000048a800000| Untracked 
|  31|0x000000048ac00000, 0x000000048ac00000, 0x000000048b000000|  0%| F|  |TAMS 0x000000048ac00000, 0x000000048ac00000| Untracked 
|  32|0x000000048b000000, 0x000000048b000000, 0x000000048b400000|  0%| F|  |TAMS 0x000000048b000000, 0x000000048b000000| Untracked 
|  33|0x000000048b400000, 0x000000048b400000, 0x000000048b800000|  0%| F|  |TAMS 0x000000048b400000, 0x000000048b400000| Untracked 
|  34|0x000000048b800000, 0x000000048b800000, 0x000000048bc00000|  0%| F|  |TAMS 0x000000048b800000, 0x000000048b800000| Untracked 
|  35|0x000000048bc00000, 0x000000048bc00000, 0x000000048c000000|  0%| F|  |TAMS 0x000000048bc00000, 0x000000048bc00000| Untracked 
|  36|0x000000048c000000, 0x000000048c000000, 0x000000048c400000|  0%| F|  |TAMS 0x000000048c000000, 0x000000048c000000| Untracked 
|  37|0x000000048c400000, 0x000000048c400000, 0x000000048c800000|  0%| F|  |TAMS 0x000000048c400000, 0x000000048c400000| Untracked 
|  38|0x000000048c800000, 0x000000048c800000, 0x000000048cc00000|  0%| F|  |TAMS 0x000000048c800000, 0x000000048c800000| Untracked 
|  39|0x000000048cc00000, 0x000000048cc00000, 0x000000048d000000|  0%| F|  |TAMS 0x000000048cc00000, 0x000000048cc00000| Untracked 
|  40|0x000000048d000000, 0x000000048d000000, 0x000000048d400000|  0%| F|  |TAMS 0x000000048d000000, 0x000000048d000000| Untracked 
|  41|0x000000048d400000, 0x000000048d400000, 0x000000048d800000|  0%| F|  |TAMS 0x000000048d400000, 0x000000048d400000| Untracked 
|  42|0x000000048d800000, 0x000000048d800000, 0x000000048dc00000|  0%| F|  |TAMS 0x000000048d800000, 0x000000048d800000| Untracked 
|  43|0x000000048dc00000, 0x000000048dc00000, 0x000000048e000000|  0%| F|  |TAMS 0x000000048dc00000, 0x000000048dc00000| Untracked 
|  44|0x000000048e000000, 0x000000048e000000, 0x000000048e400000|  0%| F|  |TAMS 0x000000048e000000, 0x000000048e000000| Untracked 
|  45|0x000000048e400000, 0x000000048e400000, 0x000000048e800000|  0%| F|  |TAMS 0x000000048e400000, 0x000000048e400000| Untracked 
|  46|0x000000048e800000, 0x000000048e800000, 0x000000048ec00000|  0%| F|  |TAMS 0x000000048e800000, 0x000000048e800000| Untracked 
|  47|0x000000048ec00000, 0x000000048ec00000, 0x000000048f000000|  0%| F|  |TAMS 0x000000048ec00000, 0x000000048ec00000| Untracked 
|  48|0x000000048f000000, 0x000000048f000000, 0x000000048f400000|  0%| F|  |TAMS 0x000000048f000000, 0x000000048f000000| Untracked 
|  49|0x000000048f400000, 0x000000048f400000, 0x000000048f800000|  0%| F|  |TAMS 0x000000048f400000, 0x000000048f400000| Untracked 
|  50|0x000000048f800000, 0x000000048f800000, 0x000000048fc00000|  0%| F|  |TAMS 0x000000048f800000, 0x000000048f800000| Untracked 
|  51|0x000000048fc00000, 0x000000048fc00000, 0x0000000490000000|  0%| F|  |TAMS 0x000000048fc00000, 0x000000048fc00000| Untracked 
|  52|0x0000000490000000, 0x0000000490000000, 0x0000000490400000|  0%| F|  |TAMS 0x0000000490000000, 0x0000000490000000| Untracked 
|  53|0x0000000490400000, 0x0000000490400000, 0x0000000490800000|  0%| F|  |TAMS 0x0000000490400000, 0x0000000490400000| Untracked 
|  54|0x0000000490800000, 0x0000000490800000, 0x0000000490c00000|  0%| F|  |TAMS 0x0000000490800000, 0x0000000490800000| Untracked 
|  55|0x0000000490c00000, 0x0000000490c00000, 0x0000000491000000|  0%| F|  |TAMS 0x0000000490c00000, 0x0000000490c00000| Untracked 
|  56|0x0000000491000000, 0x0000000491000000, 0x0000000491400000|  0%| F|  |TAMS 0x0000000491000000, 0x0000000491000000| Untracked 
|  57|0x0000000491400000, 0x0000000491400000, 0x0000000491800000|  0%| F|  |TAMS 0x0000000491400000, 0x0000000491400000| Untracked 
|  58|0x0000000491800000, 0x0000000491800000, 0x0000000491c00000|  0%| F|  |TAMS 0x0000000491800000, 0x0000000491800000| Untracked 
|  59|0x0000000491c00000, 0x0000000491c00000, 0x0000000492000000|  0%| F|  |TAMS 0x0000000491c00000, 0x0000000491c00000| Untracked 
|  60|0x0000000492000000, 0x0000000492000000, 0x0000000492400000|  0%| F|  |TAMS 0x0000000492000000, 0x0000000492000000| Untracked 
|  61|0x0000000492400000, 0x0000000492400000, 0x0000000492800000|  0%| F|  |TAMS 0x0000000492400000, 0x0000000492400000| Untracked 
|  62|0x0000000492800000, 0x0000000492800000, 0x0000000492c00000|  0%| F|  |TAMS 0x0000000492800000, 0x0000000492800000| Untracked 
|  63|0x0000000492c00000, 0x0000000492c00000, 0x0000000493000000|  0%| F|  |TAMS 0x0000000492c00000, 0x0000000492c00000| Untracked 
|  64|0x0000000493000000, 0x0000000493000000, 0x0000000493400000|  0%| F|  |TAMS 0x0000000493000000, 0x0000000493000000| Untracked 
|  65|0x0000000493400000, 0x0000000493400000, 0x0000000493800000|  0%| F|  |TAMS 0x0000000493400000, 0x0000000493400000| Untracked 
|  66|0x0000000493800000, 0x0000000493800000, 0x0000000493c00000|  0%| F|  |TAMS 0x0000000493800000, 0x0000000493800000| Untracked 
|  67|0x0000000493c00000, 0x0000000493c00000, 0x0000000494000000|  0%| F|  |TAMS 0x0000000493c00000, 0x0000000493c00000| Untracked 
|  68|0x0000000494000000, 0x0000000494000000, 0x0000000494400000|  0%| F|  |TAMS 0x0000000494000000, 0x0000000494000000| Untracked 
|  69|0x0000000494400000, 0x0000000494400000, 0x0000000494800000|  0%| F|  |TAMS 0x0000000494400000, 0x0000000494400000| Untracked 
|  70|0x0000000494800000, 0x0000000494800000, 0x0000000494c00000|  0%| F|  |TAMS 0x0000000494800000, 0x0000000494800000| Untracked 
|  71|0x0000000494c00000, 0x0000000494c00000, 0x0000000495000000|  0%| F|  |TAMS 0x0000000494c00000, 0x0000000494c00000| Untracked 
|  72|0x0000000495000000, 0x0000000495000000, 0x0000000495400000|  0%| F|  |TAMS 0x0000000495000000, 0x0000000495000000| Untracked 
|  73|0x0000000495400000, 0x0000000495400000, 0x0000000495800000|  0%| F|  |TAMS 0x0000000495400000, 0x0000000495400000| Untracked 
|  74|0x0000000495800000, 0x0000000495800000, 0x0000000495c00000|  0%| F|  |TAMS 0x0000000495800000, 0x0000000495800000| Untracked 
|  75|0x0000000495c00000, 0x0000000495c00000, 0x0000000496000000|  0%| F|  |TAMS 0x0000000495c00000, 0x0000000495c00000| Untracked 
|  76|0x0000000496000000, 0x0000000496000000, 0x0000000496400000|  0%| F|  |TAMS 0x0000000496000000, 0x0000000496000000| Untracked 
|  77|0x0000000496400000, 0x0000000496400000, 0x0000000496800000|  0%| F|  |TAMS 0x0000000496400000, 0x0000000496400000| Untracked 
|  78|0x0000000496800000, 0x0000000496800000, 0x0000000496c00000|  0%| F|  |TAMS 0x0000000496800000, 0x0000000496800000| Untracked 
|  79|0x0000000496c00000, 0x0000000496c00000, 0x0000000497000000|  0%| F|  |TAMS 0x0000000496c00000, 0x0000000496c00000| Untracked 
|  80|0x0000000497000000, 0x0000000497000000, 0x0000000497400000|  0%| F|  |TAMS 0x0000000497000000, 0x0000000497000000| Untracked 
|  81|0x0000000497400000, 0x0000000497400000, 0x0000000497800000|  0%| F|  |TAMS 0x0000000497400000, 0x0000000497400000| Untracked 
|  82|0x0000000497800000, 0x0000000497800000, 0x0000000497c00000|  0%| F|  |TAMS 0x0000000497800000, 0x0000000497800000| Untracked 
|  83|0x0000000497c00000, 0x0000000497c00000, 0x0000000498000000|  0%| F|  |TAMS 0x0000000497c00000, 0x0000000497c00000| Untracked 
|  84|0x0000000498000000, 0x0000000498000000, 0x0000000498400000|  0%| F|  |TAMS 0x0000000498000000, 0x0000000498000000| Untracked 
|  85|0x0000000498400000, 0x0000000498400000, 0x0000000498800000|  0%| F|  |TAMS 0x0000000498400000, 0x0000000498400000| Untracked 
|  86|0x0000000498800000, 0x0000000498800000, 0x0000000498c00000|  0%| F|  |TAMS 0x0000000498800000, 0x0000000498800000| Untracked 
|  87|0x0000000498c00000, 0x0000000498c00000, 0x0000000499000000|  0%| F|  |TAMS 0x0000000498c00000, 0x0000000498c00000| Untracked 
|  88|0x0000000499000000, 0x0000000499000000, 0x0000000499400000|  0%| F|  |TAMS 0x0000000499000000, 0x0000000499000000| Untracked 
|  89|0x0000000499400000, 0x0000000499400000, 0x0000000499800000|  0%| F|  |TAMS 0x0000000499400000, 0x0000000499400000| Untracked 
|  90|0x0000000499800000, 0x0000000499800000, 0x0000000499c00000|  0%| F|  |TAMS 0x0000000499800000, 0x0000000499800000| Untracked 
|  91|0x0000000499c00000, 0x0000000499c00000, 0x000000049a000000|  0%| F|  |TAMS 0x0000000499c00000, 0x0000000499c00000| Untracked 
|  92|0x000000049a000000, 0x000000049a000000, 0x000000049a400000|  0%| F|  |TAMS 0x000000049a000000, 0x000000049a000000| Untracked 
|  93|0x000000049a400000, 0x000000049a6a01d8, 0x000000049a800000| 65%| E|  |TAMS 0x000000049a400000, 0x000000049a400000| Complete 
|  94|0x000000049a800000, 0x000000049ac00000, 0x000000049ac00000|100%| E|  |TAMS 0x000000049a800000, 0x000000049a800000| Complete 

Card table byte_map: [0x000001c33b8c0000,0x000001c33c4a0000] _byte_map_base: 0x000001c3394a8000

Marking Bits (Prev, Next): (CMBitMap*) 0x000001c3280d5ed0, (CMBitMap*) 0x000001c3280d5f10
 Prev Bits: [0x000001c33d080000, 0x000001c342f60000)
 Next Bits: [0x000001c342f60000, 0x000001c348e40000)

Polling page: 0x000001c325fc0000

Metaspace:

Usage:
  Non-class:      7.24 MB used.
      Class:    720.66 KB used.
       Both:      7.95 MB used.

Virtual space:
  Non-class space:        8.00 MB reserved,       7.31 MB ( 91%) committed,  1 nodes.
      Class space:        1.00 GB reserved,     832.00 KB ( <1%) committed,  1 nodes.
             Both:        1.01 GB reserved,       8.12 MB ( <1%) committed. 

Chunk freelists:
   Non-Class:  432.00 KB
       Class:  3.23 MB
        Both:  3.65 MB

MaxMetaspaceSize: unlimited
CompressedClassSpaceSize: 1.00 GB
Initial GC threshold: 21.00 MB
Current GC threshold: 21.00 MB
CDS: off
MetaspaceReclaimPolicy: balanced
 - commit_granule_bytes: 65536.
 - commit_granule_words: 8192.
 - virtual_space_node_default_size: 1048576.
 - enlarge_chunks_in_place: 1.
 - new_chunks_are_fully_committed: 0.
 - uncommit_free_chunks: 1.
 - use_allocation_guard: 0.
 - handle_deallocations: 1.


Internal statistics:

num_allocs_failed_limit: 0.
num_arena_births: 10.
num_arena_deaths: 0.
num_vsnodes_births: 2.
num_vsnodes_deaths: 0.
num_space_committed: 130.
num_space_uncommitted: 0.
num_chunks_returned_to_freelist: 0.
num_chunks_taken_from_freelist: 40.
num_chunk_merges: 0.
num_chunk_splits: 17.
num_chunks_enlarged: 7.
num_purges: 0.
num_inconsistent_stats: 0.

CodeHeap 'non-profiled nmethods': size=120000Kb used=108Kb max_used=108Kb free=119891Kb
 bounds [0x000001c333260000, 0x000001c3334d0000, 0x000001c33a790000]
CodeHeap 'profiled nmethods': size=120000Kb used=535Kb max_used=535Kb free=119464Kb
 bounds [0x000001c32bd30000, 0x000001c32bfa0000, 0x000001c333260000]
CodeHeap 'non-nmethods': size=5760Kb used=1139Kb max_used=1139Kb free=4620Kb
 bounds [0x000001c32b790000, 0x000001c32ba00000, 0x000001c32bd30000]
 total_blobs=745 nmethods=334 adapters=324
 compilation: enabled
              stopped_count=0, restarted_count=0
 full_count=0

Compilation events (20 events):
Event: 0.211 Thread 0x000001c34c4b3060  325       1       java.lang.invoke.MethodHandle::type (5 bytes)
Event: 0.211 Thread 0x000001c34c4b3060 nmethod 325 0x000001c33327a290 code [0x000001c33327a420, 0x000001c33327a4f8]
Event: 0.211 Thread 0x000001c34c4b3060  326       3       java.lang.StringUTF16::getChar (60 bytes)
Event: 0.211 Thread 0x000001c34c4b3060 nmethod 326 0x000001c32bdb3d10 code [0x000001c32bdb3ea0, 0x000001c32bdb4018]
Event: 0.211 Thread 0x000001c34c72e680  327       4       java.lang.StringUTF16::getChar (60 bytes)
Event: 0.212 Thread 0x000001c34c72e680 nmethod 327 0x000001c33327a590 code [0x000001c33327a700, 0x000001c33327a7d8]
Event: 0.213 Thread 0x000001c34c4b3060  328       1       java.util.ArrayList::size (5 bytes)
Event: 0.213 Thread 0x000001c34c4b3060 nmethod 328 0x000001c33327a890 code [0x000001c33327aa20, 0x000001c33327aaf8]
Event: 0.214 Thread 0x000001c34c4b3060  329       1       java.net.URL::getProtocol (5 bytes)
Event: 0.214 Thread 0x000001c34c4b3060 nmethod 329 0x000001c33327ab90 code [0x000001c33327ad20, 0x000001c33327adf8]
Event: 0.215 Thread 0x000001c34c4b3060  330       3       java.lang.String::startsWith (138 bytes)
Event: 0.215 Thread 0x000001c34c4b3060 nmethod 330 0x000001c32bdb4110 code [0x000001c32bdb4320, 0x000001c32bdb4bb8]
Event: 0.215 Thread 0x000001c34c4b3060  331       3       java.lang.Character::toLowerCase (9 bytes)
Event: 0.215 Thread 0x000001c34c4b3060 nmethod 331 0x000001c32bdb4e90 code [0x000001c32bdb5040, 0x000001c32bdb5238]
Event: 0.216 Thread 0x000001c34c4b3060  332       1       java.nio.Buffer::position (5 bytes)
Event: 0.216 Thread 0x000001c34c4b3060 nmethod 332 0x000001c33327ae90 code [0x000001c33327b020, 0x000001c33327b0f8]
Event: 0.216 Thread 0x000001c34c4b3060  333       3       java.nio.Buffer::position (52 bytes)
Event: 0.216 Thread 0x000001c34c4b3060 nmethod 333 0x000001c32bdb5310 code [0x000001c32bdb54c0, 0x000001c32bdb5748]
Event: 0.216 Thread 0x000001c34c4b3060  334       3       java.nio.ByteBuffer::arrayOffset (35 bytes)
Event: 0.216 Thread 0x000001c34c4b3060 nmethod 334 0x000001c32bdb5810 code [0x000001c32bdb59e0, 0x000001c32bdb5c58]

GC Heap History (0 events):
No events

Deoptimization events (20 events):
Event: 0.123 Thread 0x000001c32804b580 DEOPT PACKING pc=0x000001c32bd4930c sp=0x000000071fffa5e0
Event: 0.123 Thread 0x000001c32804b580 DEOPT UNPACKING pc=0x000001c32b7e6763 sp=0x000000071fff9a70 mode 0
Event: 0.123 Thread 0x000001c32804b580 DEOPT PACKING pc=0x000001c32bd4930c sp=0x000000071fffa5e0
Event: 0.123 Thread 0x000001c32804b580 DEOPT UNPACKING pc=0x000001c32b7e6763 sp=0x000000071fff9a70 mode 0
Event: 0.123 Thread 0x000001c32804b580 DEOPT PACKING pc=0x000001c32bd4930c sp=0x000000071fffa5e0
Event: 0.123 Thread 0x000001c32804b580 DEOPT UNPACKING pc=0x000001c32b7e6763 sp=0x000000071fff9a70 mode 0
Event: 0.123 Thread 0x000001c32804b580 DEOPT PACKING pc=0x000001c32bd4930c sp=0x000000071fffa5e0
Event: 0.123 Thread 0x000001c32804b580 DEOPT UNPACKING pc=0x000001c32b7e6763 sp=0x000000071fff9a70 mode 0
Event: 0.123 Thread 0x000001c32804b580 DEOPT PACKING pc=0x000001c32bd4930c sp=0x000000071fffa5e0
Event: 0.123 Thread 0x000001c32804b580 DEOPT UNPACKING pc=0x000001c32b7e6763 sp=0x000000071fff9a70 mode 0
Event: 0.123 Thread 0x000001c32804b580 DEOPT PACKING pc=0x000001c32bd4930c sp=0x000000071fffa5e0
Event: 0.123 Thread 0x000001c32804b580 DEOPT UNPACKING pc=0x000001c32b7e6763 sp=0x000000071fff9a70 mode 0
Event: 0.123 Thread 0x000001c32804b580 DEOPT PACKING pc=0x000001c32bd4930c sp=0x000000071fffa5e0
Event: 0.123 Thread 0x000001c32804b580 DEOPT UNPACKING pc=0x000001c32b7e6763 sp=0x000000071fff9a70 mode 0
Event: 0.161 Thread 0x000001c32804b580 DEOPT PACKING pc=0x000001c32bd5bb7e sp=0x000000071fffe170
Event: 0.161 Thread 0x000001c32804b580 DEOPT UNPACKING pc=0x000001c32b7e6763 sp=0x000000071fffd700 mode 0
Event: 0.162 Thread 0x000001c32804b580 Uncommon trap: trap_request=0xffffff45 fr.pc=0x000001c33326a1c8 relative=0x0000000000001048
Event: 0.162 Thread 0x000001c32804b580 Uncommon trap: reason=unstable_if action=reinterpret pc=0x000001c33326a1c8 method=java.util.zip.ZipFile$Source.initCEN(I)V @ 379 c2
Event: 0.162 Thread 0x000001c32804b580 DEOPT PACKING pc=0x000001c33326a1c8 sp=0x000000071fffe260
Event: 0.162 Thread 0x000001c32804b580 DEOPT UNPACKING pc=0x000001c32b7e5c23 sp=0x000000071fffe208 mode 2

Classes unloaded (0 events):
No events

Classes redefined (0 events):
No events

Internal exceptions (0 events):
No events

VM Operations (6 events):
Event: 0.134 Executing VM operation: HandshakeAllThreads
Event: 0.134 Executing VM operation: HandshakeAllThreads done
Event: 0.134 Executing VM operation: HandshakeAllThreads
Event: 0.134 Executing VM operation: HandshakeAllThreads done
Event: 0.166 Executing VM operation: HandshakeAllThreads
Event: 0.166 Executing VM operation: HandshakeAllThreads done

Events (20 events):
Event: 0.218 loading class java/lang/invoke/VarHandleGuards done
Event: 0.218 loading class java/lang/invoke/VarForm
Event: 0.218 loading class java/lang/invoke/VarForm done
Event: 0.218 loading class java/net/InetSocketAddress
Event: 0.218 loading class java/net/SocketAddress
Event: 0.218 loading class java/net/SocketAddress done
Event: 0.218 loading class java/net/InetSocketAddress done
Event: 0.218 loading class java/net/InetAddress
Event: 0.219 loading class java/net/InetAddress done
Event: 0.219 loading class java/net/InetAddress$1
Event: 0.219 loading class jdk/internal/access/JavaNetInetAddressAccess
Event: 0.219 loading class jdk/internal/access/JavaNetInetAddressAccess done
Event: 0.219 loading class java/net/InetAddress$1 done
Event: 0.219 loading class java/net/InetAddress$InetAddressHolder
Event: 0.219 loading class java/net/InetAddress$InetAddressHolder done
Event: 0.219 loading class java/util/concurrent/ConcurrentSkipListSet
Event: 0.220 loading class java/util/concurrent/ConcurrentSkipListSet done
Event: 0.220 loading class java/util/concurrent/ConcurrentSkipListMap
Event: 0.220 loading class java/util/concurrent/ConcurrentNavigableMap
Event: 0.220 loading class java/util/concurrent/ConcurrentNavigableMap done


Dynamic libraries:
0x00007ff6bf3d0000 - 0x00007ff6bf3da000 	C:\Program Files\JetBrains\IntelliJ IDEA 2022.2.1\jbr\bin\java.exe
0x00007ff9b5ff0000 - 0x00007ff9b6207000 	C:\Windows\SYSTEM32\ntdll.dll
0x00007ff9b4770000 - 0x00007ff9b4834000 	C:\Windows\System32\KERNEL32.DLL
0x00007ff9b3720000 - 0x00007ff9b3acd000 	C:\Windows\System32\KERNELBASE.dll
0x00007ff9b3b40000 - 0x00007ff9b3c51000 	C:\Windows\System32\ucrtbase.dll
0x00007ff977bf0000 - 0x00007ff977c0b000 	C:\Program Files\JetBrains\IntelliJ IDEA 2022.2.1\jbr\bin\VCRUNTIME140.dll
0x00007ff9778e0000 - 0x00007ff9778f7000 	C:\Program Files\JetBrains\IntelliJ IDEA 2022.2.1\jbr\bin\jli.dll
0x00007ff9b45c0000 - 0x00007ff9b476e000 	C:\Windows\System32\USER32.dll
0x00007ff9b3390000 - 0x00007ff9b33b6000 	C:\Windows\System32\win32u.dll
0x00007ff996670000 - 0x00007ff996903000 	C:\Windows\WinSxS\amd64_microsoft.windows.common-controls_6595b64144ccf1df_6.0.22621.3672_none_2713b9d173822955\COMCTL32.dll
0x00007ff9b4bd0000 - 0x00007ff9b4bf9000 	C:\Windows\System32\GDI32.dll
0x00007ff9b5f00000 - 0x00007ff9b5fa7000 	C:\Windows\System32\msvcrt.dll
0x00007ff9b3530000 - 0x00007ff9b3649000 	C:\Windows\System32\gdi32full.dll
0x00007ff9b3650000 - 0x00007ff9b36ea000 	C:\Windows\System32\msvcp_win.dll
0x00007ff9b4580000 - 0x00007ff9b45b1000 	C:\Windows\System32\IMM32.DLL
0x00007ff9af6a0000 - 0x00007ff9af6ac000 	C:\Program Files\JetBrains\IntelliJ IDEA 2022.2.1\jbr\bin\vcruntime140_1.dll
0x00007ff96c020000 - 0x00007ff96c0ad000 	C:\Program Files\JetBrains\IntelliJ IDEA 2022.2.1\jbr\bin\msvcp140.dll
0x00007ff8f9690000 - 0x00007ff8fa2f8000 	C:\Program Files\JetBrains\IntelliJ IDEA 2022.2.1\jbr\bin\server\jvm.dll
0x00007ff9b5e40000 - 0x00007ff9b5ef2000 	C:\Windows\System32\ADVAPI32.dll
0x00007ff9b40d0000 - 0x00007ff9b4179000 	C:\Windows\System32\sechost.dll
0x00007ff9b36f0000 - 0x00007ff9b3718000 	C:\Windows\System32\bcrypt.dll
0x00007ff9b5900000 - 0x00007ff9b5a14000 	C:\Windows\System32\RPCRT4.dll
0x00007ff9b58f0000 - 0x00007ff9b58f8000 	C:\Windows\System32\PSAPI.DLL
0x00007ff996b20000 - 0x00007ff996b29000 	C:\Windows\SYSTEM32\WSOCK32.dll
0x00007ff9a8620000 - 0x00007ff9a8654000 	C:\Windows\SYSTEM32\WINMM.dll
0x00007ff9af960000 - 0x00007ff9af96a000 	C:\Windows\SYSTEM32\VERSION.dll
0x00007ff9b5ae0000 - 0x00007ff9b5b51000 	C:\Windows\System32\WS2_32.dll
0x00007ff9b2300000 - 0x00007ff9b2318000 	C:\Windows\SYSTEM32\kernel.appcore.dll
0x00007ff97f560000 - 0x00007ff97f56a000 	C:\Program Files\JetBrains\IntelliJ IDEA 2022.2.1\jbr\bin\jimage.dll
0x00007ff9b0c00000 - 0x00007ff9b0e32000 	C:\Windows\SYSTEM32\DBGHELP.DLL
0x00007ff9b4840000 - 0x00007ff9b4bcd000 	C:\Windows\System32\combase.dll
0x00007ff9b5d60000 - 0x00007ff9b5e37000 	C:\Windows\System32\OLEAUT32.dll
0x00007ff9ac5c0000 - 0x00007ff9ac5f2000 	C:\Windows\SYSTEM32\dbgcore.DLL
0x00007ff9b3310000 - 0x00007ff9b338b000 	C:\Windows\System32\bcryptPrimitives.dll
0x00007ff9157c0000 - 0x00007ff9157e5000 	C:\Program Files\JetBrains\IntelliJ IDEA 2022.2.1\jbr\bin\java.dll
0x00007ff978140000 - 0x00007ff978158000 	C:\Program Files\JetBrains\IntelliJ IDEA 2022.2.1\jbr\bin\zip.dll
0x00007ff9b4c00000 - 0x00007ff9b5467000 	C:\Windows\System32\SHELL32.dll
0x00007ff9b1210000 - 0x00007ff9b1b0e000 	C:\Windows\SYSTEM32\windows.storage.dll
0x00007ff9b10d0000 - 0x00007ff9b120f000 	C:\Windows\SYSTEM32\wintypes.dll
0x00007ff9b3fd0000 - 0x00007ff9b40c9000 	C:\Windows\System32\SHCORE.dll
0x00007ff9b43c0000 - 0x00007ff9b441e000 	C:\Windows\System32\shlwapi.dll
0x00007ff9b3240000 - 0x00007ff9b3261000 	C:\Windows\SYSTEM32\profapi.dll
0x00007ff96ad90000 - 0x00007ff96ada9000 	C:\Program Files\JetBrains\IntelliJ IDEA 2022.2.1\jbr\bin\net.dll
0x00007ff9af780000 - 0x00007ff9af8b6000 	C:\Windows\SYSTEM32\WINHTTP.dll
0x00007ff9b2760000 - 0x00007ff9b27c9000 	C:\Windows\system32\mswsock.dll
0x00007ff95cc00000 - 0x00007ff95cc16000 	C:\Program Files\JetBrains\IntelliJ IDEA 2022.2.1\jbr\bin\nio.dll
0x00007ff979630000 - 0x00007ff979640000 	C:\Program Files\JetBrains\IntelliJ IDEA 2022.2.1\jbr\bin\verify.dll

dbghelp: loaded successfully - version: 4.0.5 - missing functions: none
symbol engine: initialized successfully - sym options: 0x614 - pdb path: .;C:\Program Files\JetBrains\IntelliJ IDEA 2022.2.1\jbr\bin;C:\Windows\SYSTEM32;C:\Windows\WinSxS\amd64_microsoft.windows.common-controls_6595b64144ccf1df_6.0.22621.3672_none_2713b9d173822955;C:\Program Files\JetBrains\IntelliJ IDEA 2022.2.1\jbr\bin\server

VM Arguments:
java_command: git4idea.http.GitAskPassApp Username for 'https://github.com': 
java_class_path (initial): C:/Program Files/JetBrains/IntelliJ IDEA 2022.2.1/plugins/git4idea/lib/git4idea-rt.jar;C:/Program Files/JetBrains/IntelliJ IDEA 2022.2.1/lib/externalProcess-rt.jar;C:/Program Files/JetBrains/IntelliJ IDEA 2022.2.1/lib/app.jar;C:/Program Files/JetBrains/IntelliJ IDEA 2022.2.1/lib/3rd-party-rt.jar
Launcher Type: SUN_STANDARD

[Global flags]
     intx CICompilerCount                          = 4                                         {product} {ergonomic}
     uint ConcGCThreads                            = 3                                         {product} {ergonomic}
     uint G1ConcRefinementThreads                  = 10                                        {product} {ergonomic}
   size_t G1HeapRegionSize                         = 4194304                                   {product} {ergonomic}
    uintx GCDrainStackTargetSize                   = 64                                        {product} {ergonomic}
   size_t InitialHeapSize                          = 398458880                                 {product} {ergonomic}
   size_t MarkStackSize                            = 4194304                                   {product} {ergonomic}
   size_t MaxHeapSize                              = 6366953472                                {product} {ergonomic}
   size_t MaxNewSize                               = 3816816640                                {product} {ergonomic}
   size_t MinHeapDeltaBytes                        = 4194304                                   {product} {ergonomic}
   size_t MinHeapSize                              = 8388608                                   {product} {ergonomic}
    uintx NonNMethodCodeHeapSize                   = 5839372                                {pd product} {ergonomic}
    uintx NonProfiledCodeHeapSize                  = 122909434                              {pd product} {ergonomic}
    uintx ProfiledCodeHeapSize                     = 122909434                              {pd product} {ergonomic}
    uintx ReservedCodeCacheSize                    = 251658240                              {pd product} {ergonomic}
     bool SegmentedCodeCache                       = true                                      {product} {ergonomic}
   size_t SoftMaxHeapSize                          = 6366953472                             {manageable} {ergonomic}
     bool UseCompressedClassPointers               = true                           {product lp64_product} {ergonomic}
     bool UseCompressedOops                        = true                           {product lp64_product} {ergonomic}
     bool UseG1GC                                  = true                                      {product} {ergonomic}
     bool UseLargePagesIndividualAllocation        = false                                  {pd product} {ergonomic}

Logging:
Log output configuration:
 #0: stdout all=warning uptime,level,tags
 #1: stderr all=off uptime,level,tags

Environment Variables:
PATH=C:\Program Files\Git\mingw64\libexec\git-core;C:\Program Files\Git\mingw64\libexec\git-core;C:\Program Files\Git\mingw64\bin;C:\Program Files\Git\usr\bin;C:\Users\hanar\bin;C:\Program Files (x86)\VMware\VMware Workstation\bin;C:\Program Files\Common Files\Oracle\Java\javapath;C:\Program Files (x86)\Common Files\Oracle\Java\javapath;C:\oraclexe\app\oracle\product\11.2.0\server\bin;C:\app\hanar\product\21c\dbhomeXE\bin;C:\Windows\system32;C:\Windows;C:\Windows\System32\Wbem;C:\Windows\System32\WindowsPowerShell\v1.0;C:\Windows\System32\OpenSSH;C:\Program Files\dotnet;C:\Program Files (x86)\NVIDIA Corporation\PhysX\Common;C:\Program Files (x86)\Microsoft SQL Server\160\Tools\Binn;C:\Program Files\Microsoft SQL Server\160\Tools\Binn;C:\Program Files\Microsoft SQL Server\Client SDK\ODBC\170\Tools\Binn;C:\Program Files\Microsoft SQL Server\160\DTS\Binn;C:\Program Files (x86)\Microsoft SQL Server\150\DTS\Binn;C:\Program Files\Azure Data Studio\bin;C:\Program Files\Git\cmd;C:\Program Files\Git\mingw64\bin;C:\Program Files\Git\usr\bin;C:\Program Files\Java\jdk1.8.0_301\bin;C:\Program Files\PowerShell\7;C:\php-8.1.15;C:\symfony;C:\wamp64\bin\php\php8.2.0;C:\Program Files\nodejs;C:\Program Files\Microsoft SQL Server\150\Tools\Binn;C:\Program Files\Java\jdk-11\bin;C:\Program Files\Vagrant\bin;C:\Program Files\mongosh-1.6.0-win32-x64\bin;C:\apache-maven-3.9.8\bin;C:\Program Files\MongoDB\Server\4.0\bin;C:\Users\hanar\scoop\shims;C:\Users\hanar\AppData\Local\Microsoft\WindowsApps;C:\Users\hanar\AppData\Local\Programs\Microsoft VS Code\bin;C:\Program Files\Azure Data Studio\bin;C:\Users\hanar\composer;C:\Users\hanar\AppData\Roaming\Composer\vendor\bin;C:\Users\hanar\AppData\Local\GitHubDesktop\bin;C:\Users\hanar\AppData\Roaming\npm;C:\Users\hanar\.dotnet\tools;C:\Program Files\JetBrains\IntelliJ IDEA 2022.2.1\bin;C:\Program Files\MongoDB\Server\4.0\bin;C:\Users\hanar\AppData\Roaming\Programs\Zero Install
USERNAME=hanar
DISPLAY=:0.0
LC_ALL=en_US.UTF-8
OS=Windows_NT
PROCESSOR_IDENTIFIER=Intel64 Family 6 Model 141 Stepping 1, GenuineIntel



---------------  S Y S T E M  ---------------

OS:
 Windows 11 , 64 bit Build 22621 (10.0.22621.3958)
OS uptime: 0 days 20:05 hours
Hyper-V role detected

CPU: total 12 (initial active 12) (6 cores per cpu, 2 threads per core) family 6 model 141 stepping 1 microcode 0x26, cx8, cmov, fxsr, ht, mmx, 3dnowpref, sse, sse2, sse3, ssse3, sse4.1, sse4.2, popcnt, lzcnt, tsc, tscinvbit, avx, avx2, aes, erms, clmul, bmi1, bmi2, adx, avx512f, avx512dq, avx512cd, avx512bw, avx512vl, sha, fma, vzeroupper, avx512_vpopcntdq, avx512_vpclmulqdq, avx512_vaes, avx512_vnni, clflush, clflushopt, clwb, avx512_vbmi2, avx512_vbmi, hv

Memory: 4k page, system-wide physical 24277M (4837M free)
TotalPageFile size 29868M (AvailPageFile size 4M)
current process WorkingSet (physical memory assigned to process): 57M, peak: 57M
current process commit charge ("private bytes"): 477M, peak: 477M

vm_info: OpenJDK 64-Bit Server VM (17.0.3+7-b469.37) for windows-amd64 JRE (17.0.3+7-b469.37), built on 2022-08-01 by "builduser" with MS VC++ 16.10 / 16.11 (VS2019)

END.
